Assembler report for CV_8052
Sun Mar 03 15:30:22 2024
Quartus Prime Version 16.1.0 Build 196 10/24/2016 SJ Lite Edition


---------------------
; Table of Contents ;
---------------------
  1. Legal Notice
  2. Assembler Summary
  3. Assembler Settings
  4. Assembler Encrypted IP Cores Summary
  5. Assembler Generated Files
  6. Assembler Device Options: C:/Source/CV_8052/CV_8052.sof
  7. Assembler Device Options: C:/Source/CV_8052/CV_8052.pof
  8. Assembler Messages



----------------
; Legal Notice ;
----------------
Copyright (C) 2016  Intel Corporation. All rights reserved.
Your use of Intel Corporation's design tools, logic functions 
and other software and tools, and its AMPP partner logic 
functions, and any output files from any of the foregoing 
(including device programming or simulation files), and any 
associated documentation or information are expressly subject 
to the terms and conditions of the Intel Program License 
Subscription Agreement, the Intel Quartus Prime License Agreement,
the Intel MegaCore Function License Agreement, or other 
applicable license agreement, including, without limitation, 
that your use is for the sole purpose of programming logic 
devices manufactured by Intel and sold by Intel or its 
authorized distributors.  Please refer to the applicable 
agreement for further details.



+---------------------------------------------------------------+
; Assembler Summary                                             ;
+-----------------------+---------------------------------------+
; Assembler Status      ; Successful - Sun Mar 03 15:30:22 2024 ;
; Revision Name         ; CV_8052                               ;
; Top-level Entity Name ; CV_8052                               ;
; Family                ; Cyclone V                             ;
; Device                ; 5CEBA4F23C7                           ;
+-----------------------+---------------------------------------+


+----------------------------------+
; Assembler Settings               ;
+--------+---------+---------------+
; Option ; Setting ; Default Value ;
+--------+---------+---------------+


+------------------------------------------------+
; Assembler Encrypted IP Cores Summary           ;
+--------+------------------------+--------------+
; Vendor ; IP Core Name           ; License Type ;
+--------+------------------------+--------------+
; Altera ; Signal Tap (6AF7 BCE1) ; Licensed     ;
; Altera ; Signal Tap (6AF7 BCEC) ; Licensed     ;
+--------+------------------------+--------------+


+-------------------------------+
; Assembler Generated Files     ;
+-------------------------------+
; File Name                     ;
+-------------------------------+
; C:/Source/CV_8052/CV_8052.sof ;
; C:/Source/CV_8052/CV_8052.pof ;
+-------------------------------+


+---------------------------------------------------------+
; Assembler Device Options: C:/Source/CV_8052/CV_8052.sof ;
+----------------+----------------------------------------+
; Option         ; Setting                                ;
+----------------+----------------------------------------+
; Device         ; 5CEBA4F23C7                            ;
; JTAG usercode  ; 0x02AA4E7A                             ;
; Checksum       ; 0x02AA4E7A                             ;
+----------------+----------------------------------------+


+---------------------------------------------------------+
; Assembler Device Options: C:/Source/CV_8052/CV_8052.pof ;
+--------------------+------------------------------------+
; Option             ; Setting                            ;
+--------------------+------------------------------------+
; Device             ; EPCS64                             ;
; JTAG usercode      ; 0x00000000                         ;
; Checksum           ; 0x7292DC82                         ;
; Compression Ratio  ; 2                                  ;
+--------------------+------------------------------------+


+--------------------+
; Assembler Messages ;
+--------------------+
Info: *******************************************************************
Info: Running Quartus Prime Assembler
    Info: Version 16.1.0 Build 196 10/24/2016 SJ Lite Edition
    Info: Processing started: Sun Mar 03 15:30:14 2024
Info: Command: quartus_asm --read_settings_files=off --write_settings_files=off CV_8052 -c CV_8052
Warning (18236): Number of processors has not been specified which may cause overloading on shared machines.  Set the global assignment NUM_PARALLEL_PROCESSORS in your QSF to an appropriate value for best performance.
Info (115030): Assembler is generating device programming files
Info: Quartus Prime Assembler was successful. 0 errors, 1 warning
    Info: Peak virtual memory: 4859 megabytes
    Info: Processing ended: Sun Mar 03 15:30:22 2024
    Info: Elapsed time: 00:00:08
    Info: Total CPU time (on all processors): 00:00:08


