Analysis & Synthesis report for BCD_addsub
Mon Feb 12 16:21:09 2024
Quartus Prime Version 22.1std.0 Build 915 10/25/2022 SC Lite Edition


---------------------
; Table of Contents ;
---------------------
  1. Legal Notice
  2. Analysis & Synthesis Summary
  3. Analysis & Synthesis Settings
  4. Parallel Compilation
  5. Analysis & Synthesis Source Files Read
  6. Analysis & Synthesis Resource Usage Summary
  7. Analysis & Synthesis Resource Utilization by Entity
  8. User-Specified and Inferred Latches
  9. General Register Statistics
 10. Post-Synthesis Netlist Statistics for Top Partition
 11. Elapsed Time Per Partition
 12. Analysis & Synthesis Messages



----------------
; Legal Notice ;
----------------
Copyright (C) 2022  Intel Corporation. All rights reserved.
Your use of Intel Corporation's design tools, logic functions 
and other software and tools, and any partner logic 
functions, and any output files from any of the foregoing 
(including device programming or simulation files), and any 
associated documentation or information are expressly subject 
to the terms and conditions of the Intel Program License 
Subscription Agreement, the Intel Quartus Prime License Agreement,
the Intel FPGA IP License Agreement, or other applicable license
agreement, including, without limitation, that your use is for
the sole purpose of programming logic devices manufactured by
Intel and sold by Intel or its authorized distributors.  Please
refer to the applicable agreement for further details, at
https://fpgasoftware.intel.com/eula.



+----------------------------------------------------------------------------------+
; Analysis & Synthesis Summary                                                     ;
+---------------------------------+------------------------------------------------+
; Analysis & Synthesis Status     ; Successful - Mon Feb 12 16:21:09 2024          ;
; Quartus Prime Version           ; 22.1std.0 Build 915 10/25/2022 SC Lite Edition ;
; Revision Name                   ; BCD_addsub                                     ;
; Top-level Entity Name           ; BCD_addsub                                     ;
; Family                          ; Cyclone V                                      ;
; Logic utilization (in ALMs)     ; N/A                                            ;
; Total registers                 ; 16                                             ;
; Total pins                      ; 55                                             ;
; Total virtual pins              ; 0                                              ;
; Total block memory bits         ; 0                                              ;
; Total DSP Blocks                ; 0                                              ;
; Total HSSI RX PCSs              ; 0                                              ;
; Total HSSI PMA RX Deserializers ; 0                                              ;
; Total HSSI TX PCSs              ; 0                                              ;
; Total HSSI PMA TX Serializers   ; 0                                              ;
; Total PLLs                      ; 0                                              ;
; Total DLLs                      ; 0                                              ;
+---------------------------------+------------------------------------------------+


+---------------------------------------------------------------------------------------------------------------------------+
; Analysis & Synthesis Settings                                                                                             ;
+---------------------------------------------------------------------------------+--------------------+--------------------+
; Option                                                                          ; Setting            ; Default Value      ;
+---------------------------------------------------------------------------------+--------------------+--------------------+
; Device                                                                          ; 5CEBA4F23C7        ;                    ;
; Top-level entity name                                                           ; BCD_addsub         ; BCD_addsub         ;
; Family name                                                                     ; Cyclone V          ; Cyclone V          ;
; Use smart compilation                                                           ; Off                ; Off                ;
; Enable parallel Assembler and Timing Analyzer during compilation                ; On                 ; On                 ;
; Enable compact report table                                                     ; Off                ; Off                ;
; Restructure Multiplexers                                                        ; Auto               ; Auto               ;
; MLAB Add Timing Constraints For Mixed-Port Feed-Through Mode Setting Don't Care ; Off                ; Off                ;
; Create Debugging Nodes for IP Cores                                             ; Off                ; Off                ;
; Preserve fewer node names                                                       ; On                 ; On                 ;
; Intel FPGA IP Evaluation Mode                                                   ; Enable             ; Enable             ;
; Verilog Version                                                                 ; Verilog_2001       ; Verilog_2001       ;
; VHDL Version                                                                    ; VHDL_1993          ; VHDL_1993          ;
; State Machine Processing                                                        ; Auto               ; Auto               ;
; Safe State Machine                                                              ; Off                ; Off                ;
; Extract Verilog State Machines                                                  ; On                 ; On                 ;
; Extract VHDL State Machines                                                     ; On                 ; On                 ;
; Ignore Verilog initial constructs                                               ; Off                ; Off                ;
; Iteration limit for constant Verilog loops                                      ; 5000               ; 5000               ;
; Iteration limit for non-constant Verilog loops                                  ; 250                ; 250                ;
; Add Pass-Through Logic to Inferred RAMs                                         ; On                 ; On                 ;
; Infer RAMs from Raw Logic                                                       ; On                 ; On                 ;
; Parallel Synthesis                                                              ; On                 ; On                 ;
; DSP Block Balancing                                                             ; Auto               ; Auto               ;
; NOT Gate Push-Back                                                              ; On                 ; On                 ;
; Power-Up Don't Care                                                             ; On                 ; On                 ;
; Remove Redundant Logic Cells                                                    ; Off                ; Off                ;
; Remove Duplicate Registers                                                      ; On                 ; On                 ;
; Ignore CARRY Buffers                                                            ; Off                ; Off                ;
; Ignore CASCADE Buffers                                                          ; Off                ; Off                ;
; Ignore GLOBAL Buffers                                                           ; Off                ; Off                ;
; Ignore ROW GLOBAL Buffers                                                       ; Off                ; Off                ;
; Ignore LCELL Buffers                                                            ; Off                ; Off                ;
; Ignore SOFT Buffers                                                             ; On                 ; On                 ;
; Limit AHDL Integers to 32 Bits                                                  ; Off                ; Off                ;
; Optimization Technique                                                          ; Balanced           ; Balanced           ;
; Carry Chain Length                                                              ; 70                 ; 70                 ;
; Auto Carry Chains                                                               ; On                 ; On                 ;
; Auto Open-Drain Pins                                                            ; On                 ; On                 ;
; Perform WYSIWYG Primitive Resynthesis                                           ; Off                ; Off                ;
; Auto ROM Replacement                                                            ; On                 ; On                 ;
; Auto RAM Replacement                                                            ; On                 ; On                 ;
; Auto DSP Block Replacement                                                      ; On                 ; On                 ;
; Auto Shift Register Replacement                                                 ; Auto               ; Auto               ;
; Allow Shift Register Merging across Hierarchies                                 ; Auto               ; Auto               ;
; Auto Clock Enable Replacement                                                   ; On                 ; On                 ;
; Strict RAM Replacement                                                          ; Off                ; Off                ;
; Allow Synchronous Control Signals                                               ; On                 ; On                 ;
; Force Use of Synchronous Clear Signals                                          ; Off                ; Off                ;
; Auto Resource Sharing                                                           ; Off                ; Off                ;
; Allow Any RAM Size For Recognition                                              ; Off                ; Off                ;
; Allow Any ROM Size For Recognition                                              ; Off                ; Off                ;
; Allow Any Shift Register Size For Recognition                                   ; Off                ; Off                ;
; Use LogicLock Constraints during Resource Balancing                             ; On                 ; On                 ;
; Ignore translate_off and synthesis_off directives                               ; Off                ; Off                ;
; Timing-Driven Synthesis                                                         ; On                 ; On                 ;
; Report Parameter Settings                                                       ; On                 ; On                 ;
; Report Source Assignments                                                       ; On                 ; On                 ;
; Report Connectivity Checks                                                      ; On                 ; On                 ;
; Ignore Maximum Fan-Out Assignments                                              ; Off                ; Off                ;
; Synchronization Register Chain Length                                           ; 3                  ; 3                  ;
; Power Optimization During Synthesis                                             ; Normal compilation ; Normal compilation ;
; HDL message level                                                               ; Level2             ; Level2             ;
; Suppress Register Optimization Related Messages                                 ; Off                ; Off                ;
; Number of Removed Registers Reported in Synthesis Report                        ; 5000               ; 5000               ;
; Number of Swept Nodes Reported in Synthesis Report                              ; 5000               ; 5000               ;
; Number of Inverted Registers Reported in Synthesis Report                       ; 100                ; 100                ;
; Clock MUX Protection                                                            ; On                 ; On                 ;
; Auto Gated Clock Conversion                                                     ; Off                ; Off                ;
; Block Design Naming                                                             ; Auto               ; Auto               ;
; SDC constraint protection                                                       ; Off                ; Off                ;
; Synthesis Effort                                                                ; Auto               ; Auto               ;
; Shift Register Replacement - Allow Asynchronous Clear Signal                    ; On                 ; On                 ;
; Pre-Mapping Resynthesis Optimization                                            ; Off                ; Off                ;
; Analysis & Synthesis Message Level                                              ; Medium             ; Medium             ;
; Disable Register Merging Across Hierarchies                                     ; Auto               ; Auto               ;
; Resource Aware Inference For Block RAM                                          ; On                 ; On                 ;
; Automatic Parallel Synthesis                                                    ; On                 ; On                 ;
; Partial Reconfiguration Bitstream ID                                            ; Off                ; Off                ;
+---------------------------------------------------------------------------------+--------------------+--------------------+


+------------------------------------------+
; Parallel Compilation                     ;
+----------------------------+-------------+
; Processors                 ; Number      ;
+----------------------------+-------------+
; Number detected on machine ; 12          ;
; Maximum allowed            ; 10          ;
;                            ;             ;
; Average used               ; 1.00        ;
; Maximum used               ; 10          ;
;                            ;             ;
; Usage by Processor         ; % Time Used ;
;     Processor 1            ; 100.0%      ;
;     Processors 2-10        ;   0.0%      ;
+----------------------------+-------------+


+------------------------------------------------------------------------------------------------------------------------------------------------------------------------------------------------------------+
; Analysis & Synthesis Source Files Read                                                                                                                                                                     ;
+----------------------------------+-----------------+-----------------+---------------------------------------------------------------------------------------------------------------------------+---------+
; File Name with User-Entered Path ; Used in Netlist ; File Type       ; File Name with Absolute Path                                                                                              ; Library ;
+----------------------------------+-----------------+-----------------+---------------------------------------------------------------------------------------------------------------------------+---------+
; BCD_addsub.vhd                   ; yes             ; User VHDL File  ; C:/Users/sasan/OneDrive - UBC/University of British Columbia/2023-24/Term 2/CPEN 312/Labs/Lab 2/BCD_addsub/BCD_addsub.vhd ;         ;
+----------------------------------+-----------------+-----------------+---------------------------------------------------------------------------------------------------------------------------+---------+


+-------------------------------------------------------------+
; Analysis & Synthesis Resource Usage Summary                 ;
+---------------------------------------------+---------------+
; Resource                                    ; Usage         ;
+---------------------------------------------+---------------+
; Estimate of Logic utilization (ALMs needed) ; 42            ;
;                                             ;               ;
; Combinational ALUT usage for logic          ; 77            ;
;     -- 7 input functions                    ; 0             ;
;     -- 6 input functions                    ; 1             ;
;     -- 5 input functions                    ; 6             ;
;     -- 4 input functions                    ; 48            ;
;     -- <=3 input functions                  ; 22            ;
;                                             ;               ;
; Dedicated logic registers                   ; 16            ;
;                                             ;               ;
; I/O pins                                    ; 55            ;
;                                             ;               ;
; Total DSP Blocks                            ; 0             ;
;                                             ;               ;
; Maximum fan-out node                        ; subflag~input ;
; Maximum fan-out                             ; 16            ;
; Total fan-out                               ; 428           ;
; Average fan-out                             ; 2.11          ;
+---------------------------------------------+---------------+


+----------------------------------------------------------------------------------------------------------------------------------------------------------------------------------------+
; Analysis & Synthesis Resource Utilization by Entity                                                                                                                                    ;
+----------------------------+---------------------+---------------------------+-------------------+------------+------+--------------+---------------------+-------------+--------------+
; Compilation Hierarchy Node ; Combinational ALUTs ; Dedicated Logic Registers ; Block Memory Bits ; DSP Blocks ; Pins ; Virtual Pins ; Full Hierarchy Name ; Entity Name ; Library Name ;
+----------------------------+---------------------+---------------------------+-------------------+------------+------+--------------+---------------------+-------------+--------------+
; |BCD_addsub                ; 77 (77)             ; 16 (16)                   ; 0                 ; 0          ; 55   ; 0            ; |BCD_addsub         ; BCD_addsub  ; work         ;
+----------------------------+---------------------+---------------------------+-------------------+------------+------+--------------+---------------------+-------------+--------------+
Note: For table entries with two numbers listed, the numbers in parentheses indicate the number of resources of the given type used by the specific entity alone. The numbers listed outside of parentheses indicate the total resources of the given type used by the specific entity and all of its sub-entities in the hierarchy.


+---------------------------------------------------------------------------------------------------+
; User-Specified and Inferred Latches                                                               ;
+----------------------------------------------------+---------------------+------------------------+
; Latch Name                                         ; Latch Enable Signal ; Free of Timing Hazards ;
+----------------------------------------------------+---------------------+------------------------+
; sum_temp_tens_adjust[0]                            ; LessThan1           ; yes                    ;
; sum_temp_tens_adjust[1]                            ; LessThan1           ; yes                    ;
; sum_temp_tens_adjust[2]                            ; LessThan1           ; yes                    ;
; sum_temp_tens_adjust[3]                            ; LessThan1           ; yes                    ;
; sum_temp_ones_adjust[0]                            ; LessThan0           ; yes                    ;
; sum_temp_ones_adjust[1]                            ; LessThan0           ; yes                    ;
; sum_temp_ones_adjust[2]                            ; LessThan0           ; yes                    ;
; sum_temp_ones_adjust[3]                            ; LessThan0           ; yes                    ;
; Number of user-specified and inferred latches = 8  ;                     ;                        ;
+----------------------------------------------------+---------------------+------------------------+
Note: All latches listed above may not be present at the end of synthesis due to various synthesis optimizations.


+------------------------------------------------------+
; General Register Statistics                          ;
+----------------------------------------------+-------+
; Statistic                                    ; Value ;
+----------------------------------------------+-------+
; Total registers                              ; 16    ;
; Number of registers using Synchronous Clear  ; 0     ;
; Number of registers using Synchronous Load   ; 0     ;
; Number of registers using Asynchronous Clear ; 0     ;
; Number of registers using Asynchronous Load  ; 0     ;
; Number of registers using Clock Enable       ; 0     ;
; Number of registers using Preset             ; 0     ;
+----------------------------------------------+-------+


+-----------------------------------------------------+
; Post-Synthesis Netlist Statistics for Top Partition ;
+-----------------------+-----------------------------+
; Type                  ; Count                       ;
+-----------------------+-----------------------------+
; arriav_ff             ; 16                          ;
;     plain             ; 16                          ;
; arriav_lcell_comb     ; 83                          ;
;     arith             ; 12                          ;
;         1 data inputs ; 2                           ;
;         2 data inputs ; 1                           ;
;         3 data inputs ; 8                           ;
;         4 data inputs ; 1                           ;
;     normal            ; 71                          ;
;         1 data inputs ; 6                           ;
;         2 data inputs ; 1                           ;
;         3 data inputs ; 10                          ;
;         4 data inputs ; 47                          ;
;         5 data inputs ; 6                           ;
;         6 data inputs ; 1                           ;
; boundary_port         ; 55                          ;
;                       ;                             ;
; Max LUT depth         ; 6.80                        ;
; Average LUT depth     ; 3.89                        ;
+-----------------------+-----------------------------+


+-------------------------------+
; Elapsed Time Per Partition    ;
+----------------+--------------+
; Partition Name ; Elapsed Time ;
+----------------+--------------+
; Top            ; 00:00:00     ;
+----------------+--------------+


+-------------------------------+
; Analysis & Synthesis Messages ;
+-------------------------------+
Info: *******************************************************************
Info: Running Quartus Prime Analysis & Synthesis
    Info: Version 22.1std.0 Build 915 10/25/2022 SC Lite Edition
    Info: Processing started: Mon Feb 12 16:20:56 2024
Info: Command: quartus_map --read_settings_files=on --write_settings_files=off BCD_addsub -c BCD_addsub
Warning (18236): Number of processors has not been specified which may cause overloading on shared machines.  Set the global assignment NUM_PARALLEL_PROCESSORS in your QSF to an appropriate value for best performance.
Info (20030): Parallel compilation is enabled and will use 10 of the 10 processors detected
Info (12021): Found 2 design units, including 1 entities, in source file bcd_addsub.vhd
    Info (12022): Found design unit 1: BCD_addsub-a File: C:/Users/sasan/OneDrive - UBC/University of British Columbia/2023-24/Term 2/CPEN 312/Labs/Lab 2/BCD_addsub/BCD_addsub.vhd Line: 28
    Info (12023): Found entity 1: BCD_addsub File: C:/Users/sasan/OneDrive - UBC/University of British Columbia/2023-24/Term 2/CPEN 312/Labs/Lab 2/BCD_addsub/BCD_addsub.vhd Line: 5
Info (12127): Elaborating entity "BCD_addsub" for the top level hierarchy
Warning (10492): VHDL Process Statement warning at BCD_addsub.vhd(185): signal "sum_temp_ones" is read inside the Process Statement but isn't in the Process Statement's sensitivity list File: C:/Users/sasan/OneDrive - UBC/University of British Columbia/2023-24/Term 2/CPEN 312/Labs/Lab 2/BCD_addsub/BCD_addsub.vhd Line: 185
Warning (10492): VHDL Process Statement warning at BCD_addsub.vhd(187): signal "sum_temp_ones" is read inside the Process Statement but isn't in the Process Statement's sensitivity list File: C:/Users/sasan/OneDrive - UBC/University of British Columbia/2023-24/Term 2/CPEN 312/Labs/Lab 2/BCD_addsub/BCD_addsub.vhd Line: 187
Warning (10492): VHDL Process Statement warning at BCD_addsub.vhd(188): signal "sum_temp_ones_adjust" is read inside the Process Statement but isn't in the Process Statement's sensitivity list File: C:/Users/sasan/OneDrive - UBC/University of British Columbia/2023-24/Term 2/CPEN 312/Labs/Lab 2/BCD_addsub/BCD_addsub.vhd Line: 188
Warning (10492): VHDL Process Statement warning at BCD_addsub.vhd(191): signal "sum_temp_ones" is read inside the Process Statement but isn't in the Process Statement's sensitivity list File: C:/Users/sasan/OneDrive - UBC/University of British Columbia/2023-24/Term 2/CPEN 312/Labs/Lab 2/BCD_addsub/BCD_addsub.vhd Line: 191
Warning (10492): VHDL Process Statement warning at BCD_addsub.vhd(194): signal "carry_intermediate" is read inside the Process Statement but isn't in the Process Statement's sensitivity list File: C:/Users/sasan/OneDrive - UBC/University of British Columbia/2023-24/Term 2/CPEN 312/Labs/Lab 2/BCD_addsub/BCD_addsub.vhd Line: 194
Warning (10492): VHDL Process Statement warning at BCD_addsub.vhd(195): signal "sum_temp_tens" is read inside the Process Statement but isn't in the Process Statement's sensitivity list File: C:/Users/sasan/OneDrive - UBC/University of British Columbia/2023-24/Term 2/CPEN 312/Labs/Lab 2/BCD_addsub/BCD_addsub.vhd Line: 195
Warning (10492): VHDL Process Statement warning at BCD_addsub.vhd(197): signal "sum_temp_tens" is read inside the Process Statement but isn't in the Process Statement's sensitivity list File: C:/Users/sasan/OneDrive - UBC/University of British Columbia/2023-24/Term 2/CPEN 312/Labs/Lab 2/BCD_addsub/BCD_addsub.vhd Line: 197
Warning (10492): VHDL Process Statement warning at BCD_addsub.vhd(198): signal "sum_temp_tens_adjust" is read inside the Process Statement but isn't in the Process Statement's sensitivity list File: C:/Users/sasan/OneDrive - UBC/University of British Columbia/2023-24/Term 2/CPEN 312/Labs/Lab 2/BCD_addsub/BCD_addsub.vhd Line: 198
Warning (10492): VHDL Process Statement warning at BCD_addsub.vhd(201): signal "sum_temp_tens" is read inside the Process Statement but isn't in the Process Statement's sensitivity list File: C:/Users/sasan/OneDrive - UBC/University of British Columbia/2023-24/Term 2/CPEN 312/Labs/Lab 2/BCD_addsub/BCD_addsub.vhd Line: 201
Warning (10492): VHDL Process Statement warning at BCD_addsub.vhd(206): signal "sum_temp_ones" is read inside the Process Statement but isn't in the Process Statement's sensitivity list File: C:/Users/sasan/OneDrive - UBC/University of British Columbia/2023-24/Term 2/CPEN 312/Labs/Lab 2/BCD_addsub/BCD_addsub.vhd Line: 206
Warning (10492): VHDL Process Statement warning at BCD_addsub.vhd(208): signal "sum_temp_ones" is read inside the Process Statement but isn't in the Process Statement's sensitivity list File: C:/Users/sasan/OneDrive - UBC/University of British Columbia/2023-24/Term 2/CPEN 312/Labs/Lab 2/BCD_addsub/BCD_addsub.vhd Line: 208
Warning (10492): VHDL Process Statement warning at BCD_addsub.vhd(209): signal "sum_temp_ones_adjust" is read inside the Process Statement but isn't in the Process Statement's sensitivity list File: C:/Users/sasan/OneDrive - UBC/University of British Columbia/2023-24/Term 2/CPEN 312/Labs/Lab 2/BCD_addsub/BCD_addsub.vhd Line: 209
Warning (10492): VHDL Process Statement warning at BCD_addsub.vhd(212): signal "sum_temp_ones" is read inside the Process Statement but isn't in the Process Statement's sensitivity list File: C:/Users/sasan/OneDrive - UBC/University of British Columbia/2023-24/Term 2/CPEN 312/Labs/Lab 2/BCD_addsub/BCD_addsub.vhd Line: 212
Warning (10492): VHDL Process Statement warning at BCD_addsub.vhd(215): signal "carry_intermediate" is read inside the Process Statement but isn't in the Process Statement's sensitivity list File: C:/Users/sasan/OneDrive - UBC/University of British Columbia/2023-24/Term 2/CPEN 312/Labs/Lab 2/BCD_addsub/BCD_addsub.vhd Line: 215
Warning (10492): VHDL Process Statement warning at BCD_addsub.vhd(216): signal "sum_temp_tens" is read inside the Process Statement but isn't in the Process Statement's sensitivity list File: C:/Users/sasan/OneDrive - UBC/University of British Columbia/2023-24/Term 2/CPEN 312/Labs/Lab 2/BCD_addsub/BCD_addsub.vhd Line: 216
Warning (10492): VHDL Process Statement warning at BCD_addsub.vhd(218): signal "sum_temp_tens" is read inside the Process Statement but isn't in the Process Statement's sensitivity list File: C:/Users/sasan/OneDrive - UBC/University of British Columbia/2023-24/Term 2/CPEN 312/Labs/Lab 2/BCD_addsub/BCD_addsub.vhd Line: 218
Warning (10492): VHDL Process Statement warning at BCD_addsub.vhd(219): signal "sum_temp_tens_adjust" is read inside the Process Statement but isn't in the Process Statement's sensitivity list File: C:/Users/sasan/OneDrive - UBC/University of British Columbia/2023-24/Term 2/CPEN 312/Labs/Lab 2/BCD_addsub/BCD_addsub.vhd Line: 219
Warning (10492): VHDL Process Statement warning at BCD_addsub.vhd(222): signal "sum_temp_tens" is read inside the Process Statement but isn't in the Process Statement's sensitivity list File: C:/Users/sasan/OneDrive - UBC/University of British Columbia/2023-24/Term 2/CPEN 312/Labs/Lab 2/BCD_addsub/BCD_addsub.vhd Line: 222
Warning (10631): VHDL Process Statement warning at BCD_addsub.vhd(179): inferring latch(es) for signal or variable "sum_temp_ones_adjust", which holds its previous value in one or more paths through the process File: C:/Users/sasan/OneDrive - UBC/University of British Columbia/2023-24/Term 2/CPEN 312/Labs/Lab 2/BCD_addsub/BCD_addsub.vhd Line: 179
Warning (10631): VHDL Process Statement warning at BCD_addsub.vhd(179): inferring latch(es) for signal or variable "sum_temp_tens_adjust", which holds its previous value in one or more paths through the process File: C:/Users/sasan/OneDrive - UBC/University of British Columbia/2023-24/Term 2/CPEN 312/Labs/Lab 2/BCD_addsub/BCD_addsub.vhd Line: 179
Info (10041): Inferred latch for "sum_temp_tens_adjust[0]" at BCD_addsub.vhd(179) File: C:/Users/sasan/OneDrive - UBC/University of British Columbia/2023-24/Term 2/CPEN 312/Labs/Lab 2/BCD_addsub/BCD_addsub.vhd Line: 179
Info (10041): Inferred latch for "sum_temp_tens_adjust[1]" at BCD_addsub.vhd(179) File: C:/Users/sasan/OneDrive - UBC/University of British Columbia/2023-24/Term 2/CPEN 312/Labs/Lab 2/BCD_addsub/BCD_addsub.vhd Line: 179
Info (10041): Inferred latch for "sum_temp_tens_adjust[2]" at BCD_addsub.vhd(179) File: C:/Users/sasan/OneDrive - UBC/University of British Columbia/2023-24/Term 2/CPEN 312/Labs/Lab 2/BCD_addsub/BCD_addsub.vhd Line: 179
Info (10041): Inferred latch for "sum_temp_tens_adjust[3]" at BCD_addsub.vhd(179) File: C:/Users/sasan/OneDrive - UBC/University of British Columbia/2023-24/Term 2/CPEN 312/Labs/Lab 2/BCD_addsub/BCD_addsub.vhd Line: 179
Info (10041): Inferred latch for "sum_temp_ones_adjust[0]" at BCD_addsub.vhd(179) File: C:/Users/sasan/OneDrive - UBC/University of British Columbia/2023-24/Term 2/CPEN 312/Labs/Lab 2/BCD_addsub/BCD_addsub.vhd Line: 179
Info (10041): Inferred latch for "sum_temp_ones_adjust[1]" at BCD_addsub.vhd(179) File: C:/Users/sasan/OneDrive - UBC/University of British Columbia/2023-24/Term 2/CPEN 312/Labs/Lab 2/BCD_addsub/BCD_addsub.vhd Line: 179
Info (10041): Inferred latch for "sum_temp_ones_adjust[2]" at BCD_addsub.vhd(179) File: C:/Users/sasan/OneDrive - UBC/University of British Columbia/2023-24/Term 2/CPEN 312/Labs/Lab 2/BCD_addsub/BCD_addsub.vhd Line: 179
Info (10041): Inferred latch for "sum_temp_ones_adjust[3]" at BCD_addsub.vhd(179) File: C:/Users/sasan/OneDrive - UBC/University of British Columbia/2023-24/Term 2/CPEN 312/Labs/Lab 2/BCD_addsub/BCD_addsub.vhd Line: 179
Warning (13012): Latch sum_temp_tens_adjust[1] has unsafe behavior File: C:/Users/sasan/OneDrive - UBC/University of British Columbia/2023-24/Term 2/CPEN 312/Labs/Lab 2/BCD_addsub/BCD_addsub.vhd Line: 179
    Warning (13013): Ports D and ENA on the latch are fed by the same signal Add9~synth File: c:/intelfpga_lite/22.1std/quartus/libraries/vhdl/synopsys/ieee/syn_arit.vhd Line: 836
Warning (13012): Latch sum_temp_tens_adjust[2] has unsafe behavior File: C:/Users/sasan/OneDrive - UBC/University of British Columbia/2023-24/Term 2/CPEN 312/Labs/Lab 2/BCD_addsub/BCD_addsub.vhd Line: 179
    Warning (13013): Ports D and ENA on the latch are fed by the same signal Add9~synth File: c:/intelfpga_lite/22.1std/quartus/libraries/vhdl/synopsys/ieee/syn_arit.vhd Line: 836
Warning (13012): Latch sum_temp_tens_adjust[3] has unsafe behavior File: C:/Users/sasan/OneDrive - UBC/University of British Columbia/2023-24/Term 2/CPEN 312/Labs/Lab 2/BCD_addsub/BCD_addsub.vhd Line: 179
    Warning (13013): Ports D and ENA on the latch are fed by the same signal Add9~synth File: c:/intelfpga_lite/22.1std/quartus/libraries/vhdl/synopsys/ieee/syn_arit.vhd Line: 836
Warning (13012): Latch sum_temp_ones_adjust[1] has unsafe behavior File: C:/Users/sasan/OneDrive - UBC/University of British Columbia/2023-24/Term 2/CPEN 312/Labs/Lab 2/BCD_addsub/BCD_addsub.vhd Line: 179
    Warning (13013): Ports D and ENA on the latch are fed by the same signal Add6~synth File: c:/intelfpga_lite/22.1std/quartus/libraries/vhdl/synopsys/ieee/syn_arit.vhd Line: 836
Warning (13012): Latch sum_temp_ones_adjust[2] has unsafe behavior File: C:/Users/sasan/OneDrive - UBC/University of British Columbia/2023-24/Term 2/CPEN 312/Labs/Lab 2/BCD_addsub/BCD_addsub.vhd Line: 179
    Warning (13013): Ports D and ENA on the latch are fed by the same signal Add6~synth File: c:/intelfpga_lite/22.1std/quartus/libraries/vhdl/synopsys/ieee/syn_arit.vhd Line: 836
Warning (13012): Latch sum_temp_ones_adjust[3] has unsafe behavior File: C:/Users/sasan/OneDrive - UBC/University of British Columbia/2023-24/Term 2/CPEN 312/Labs/Lab 2/BCD_addsub/BCD_addsub.vhd Line: 179
    Warning (13013): Ports D and ENA on the latch are fed by the same signal Add6~synth File: c:/intelfpga_lite/22.1std/quartus/libraries/vhdl/synopsys/ieee/syn_arit.vhd Line: 836
Info (286030): Timing-Driven Synthesis is running
Info (16010): Generating hard_block partition "hard_block:auto_generated_inst"
    Info (16011): Adding 0 node(s), including 0 DDIO, 0 PLL, 0 transceiver and 0 LCELL
Info (21057): Implemented 148 device resources after synthesis - the final resource count might be different
    Info (21058): Implemented 12 input pins
    Info (21059): Implemented 43 output pins
    Info (21061): Implemented 93 logic cells
Info: Quartus Prime Analysis & Synthesis was successful. 0 errors, 33 warnings
    Info: Peak virtual memory: 4911 megabytes
    Info: Processing ended: Mon Feb 12 16:21:09 2024
    Info: Elapsed time: 00:00:13
    Info: Total CPU time (on all processors): 00:00:15


